#
# There is insufficient memory for the Java Runtime Environment to continue.
# Native memory allocation (malloc) failed to allocate 1048576 bytes for AllocateHeap
# Possible reasons:
#   The system is out of physical RAM or swap space
#   In 32 bit mode, the process size limit was hit
# Possible solutions:
#   Reduce memory load on the system
#   Increase physical memory or swap space
#   Check if swap backing store is full
#   Use 64 bit Java on a 64 bit OS
#   Decrease Java heap size (-Xmx/-Xms)
#   Decrease number of Java threads
#   Decrease Java thread stack sizes (-Xss)
#   Set larger code cache with -XX:ReservedCodeCacheSize=
# This output file may be truncated or incomplete.
#
#  Out of Memory Error (memory/allocation.inline.hpp:61), pid=38376, tid=0x00000000000065d4
#
# JRE version:  (8.0_131-b11) (build )
# Java VM: Java HotSpot(TM) 64-Bit Server VM (25.131-b11 mixed mode windows-amd64 compressed oops)
# Failed to write core dump. Minidumps are not enabled by default on client versions of Windows
#

---------------  T H R E A D  ---------------

Current thread (0x000000000038f800):  JavaThread "Unknown thread" [_thread_in_vm, id=26068, stack(0x0000000002490000,0x0000000002590000)]

Stack: [0x0000000002490000,0x0000000002590000]
[error occurred during error reporting (printing stack bounds), id 0xc0000005]

Native frames: (J=compiled Java code, j=interpreted, Vv=VM code, C=native code)


---------------  P R O C E S S  ---------------

Java Threads: ( => current thread )

Other Threads:

=>0x000000000038f800 (exited) JavaThread "Unknown thread" [_thread_in_vm, id=26068, stack(0x0000000002490000,0x0000000002590000)]

VM state:not at safepoint (normal execution)

VM Mutex/Monitor currently owned by a thread: None

Heap:
 PSYoungGen      total 28672K, used 491K [0x00000000f5580000, 0x00000000f7580000, 0x0000000100000000)
  eden space 24576K, 2% used [0x00000000f5580000,0x00000000f55fae20,0x00000000f6d80000)
  from space 4096K, 0% used [0x00000000f7180000,0x00000000f7180000,0x00000000f7580000)
  to   space 4096K, 0% used [0x00000000f6d80000,0x00000000f6d80000,0x00000000f7180000)
 ParOldGen       total 65536K, used 0K [0x00000000e0000000, 0x00000000e4000000, 0x00000000f5580000)
  object space 65536K, 0% used [0x00000000e0000000,0x00000000e0000000,0x00000000e4000000)
 Metaspace       used 746K, capacity 4480K, committed 4480K, reserved 1056768K
  class space    used 75K, capacity 384K, committed 384K, reserved 1048576K

Card table byte_map: [0x0000000002210000,0x0000000002320000] byte_map_base: 0x0000000001b10000

Marking Bits: (ParMarkBitMap*) 0x00000000648bc720
 Begin Bits: [0x0000000011ce0000, 0x00000000124e0000)
 End Bits:   [0x00000000124e0000, 0x0000000012ce0000)

Polling page: 0x00000000002c0000

CodeCache: size=245760Kb used=328Kb max_used=328Kb free=245431Kb
 bounds [0x0000000002590000, 0x0000000002800000, 0x0000000011590000]
 total_blobs=58 nmethods=0 adapters=38
 compilation: enabled

Compilation events (0 events):
No events

GC Heap History (0 events):
No events

Deoptimization events (0 events):
No events

Internal exceptions (0 events):
No events

Events (10 events):
Event: 0.059 loading class java/lang/Short
Event: 0.059 loading class java/lang/Short done
Event: 0.059 loading class java/lang/Integer
Event: 0.060 loading class java/lang/Integer done
Event: 0.060 loading class java/lang/Long
Event: 0.060 loading class java/lang/Long done
Event: 0.061 loading class java/lang/NullPointerException
Event: 0.061 loading class java/lang/NullPointerException done
Event: 0.061 loading class java/lang/ArithmeticException
Event: 0.061 loading class java/lang/ArithmeticException done


Dynamic libraries:
0x000000013f090000 - 0x000000013f0c7000 	C:\Program Files\Java\jre1.8.0_131\bin\javaw.exe
0x00000000771a0000 - 0x000000007733f000 	C:\windows\SYSTEM32\ntdll.dll
0x0000000077080000 - 0x000000007719f000 	C:\windows\system32\kernel32.dll
0x000007fefd140000 - 0x000007fefd1aa000 	C:\windows\system32\KERNELBASE.dll
0x000007fefe520000 - 0x000007fefe5fb000 	C:\windows\system32\ADVAPI32.dll
0x000007fefec70000 - 0x000007fefed0f000 	C:\windows\system32\msvcrt.dll
0x000007fefec50000 - 0x000007fefec6f000 	C:\windows\SYSTEM32\sechost.dll
0x000007fefe930000 - 0x000007fefea5d000 	C:\windows\system32\RPCRT4.dll
0x0000000076f80000 - 0x000000007707a000 	C:\windows\system32\USER32.dll
0x000007feff1c0000 - 0x000007feff227000 	C:\windows\system32\GDI32.dll
0x000007fefec40000 - 0x000007fefec4e000 	C:\windows\system32\LPK.dll
0x000007fefef20000 - 0x000007fefefeb000 	C:\windows\system32\USP10.dll
0x000007fefb560000 - 0x000007fefb754000 	C:\windows\WinSxS\amd64_microsoft.windows.common-controls_6595b64144ccf1df_6.0.7601.18837_none_fa3b1e3d17594757\COMCTL32.dll
0x000007fefe8b0000 - 0x000007fefe921000 	C:\windows\system32\SHLWAPI.dll
0x000007fefed10000 - 0x000007fefed3e000 	C:\windows\system32\IMM32.DLL
0x000007fefd660000 - 0x000007fefd769000 	C:\windows\system32\MSCTF.dll
0x000007fefd030000 - 0x000007fefd08d000 	c:\progra~1\citrix\system32\mfaphook64.dll
0x000007fefcf50000 - 0x000007fefcf82000 	C:\Program Files\Citrix\ICAService\picaFullScreenHookX64.dll
0x000007fefc860000 - 0x000007fefc896000 	C:\Program Files\Citrix\ICAService\ShellHook64.dll
0x000007fefe600000 - 0x000007fefe7ff000 	C:\windows\system32\ole32.dll
0x000007fefd790000 - 0x000007fefe51a000 	C:\windows\system32\SHELL32.dll
0x000007fefcdd0000 - 0x000007fefcf49000 	C:\Program Files\Citrix\ICAService\SCardHook64.dll
0x000007fefcda0000 - 0x000007fefcdca000 	C:\Program Files\Citrix\ICAService\cxinjime64.dll
0x000007fefcd50000 - 0x000007fefcd9d000 	C:\Program Files\Citrix\ICAService\PicaWtsHook64.dll
0x0000000064940000 - 0x0000000064a12000 	C:\Program Files\Java\jre1.8.0_131\bin\msvcr100.dll
0x00000000640a0000 - 0x000000006493c000 	C:\Program Files\Java\jre1.8.0_131\bin\server\jvm.dll
0x000007fef0640000 - 0x000007fef0649000 	C:\windows\system32\WSOCK32.dll
0x000007fefebf0000 - 0x000007fefec3d000 	C:\windows\system32\WS2_32.dll
0x000007fefe8a0000 - 0x000007fefe8a8000 	C:\windows\system32\NSI.dll
0x000007fef93a0000 - 0x000007fef93db000 	C:\windows\system32\WINMM.dll
0x000007fefcbe0000 - 0x000007fefcbec000 	C:\windows\system32\VERSION.dll
0x0000000077340000 - 0x0000000077347000 	C:\windows\system32\PSAPI.DLL
0x000000006e540000 - 0x000000006e54f000 	C:\Program Files\Java\jre1.8.0_131\bin\verify.dll
0x000000006dd30000 - 0x000000006dd59000 	C:\Program Files\Java\jre1.8.0_131\bin\java.dll
0x000000006e150000 - 0x000000006e166000 	C:\Program Files\Java\jre1.8.0_131\bin\zip.dll

VM Arguments:
jvm_args: -ea -Dfile.encoding=Cp1252 -Xmx512M 
java_command: org.testng.remote.RemoteTestNG -serport 59307 -protocol json -d C:\Users\xskn8\eclipse-workspace\SailpointIdentity\test-output C:\Users\xskn8\AppData\Local\Temp\testng-eclipse-2007337698\testng-customsuite.xml
java_class_path (initial): U:\My Documents\eclipse\configuration\org.eclipse.osgi\1026\0\.cp\lib\testng-remote.jar;C:\Program Files\Java\jre1.8.0_131\lib\resources.jar;C:\Program Files\Java\jre1.8.0_131\lib\rt.jar;C:\Program Files\Java\jre1.8.0_131\lib\jsse.jar;C:\Program Files\Java\jre1.8.0_131\lib\jce.jar;C:\Program Files\Java\jre1.8.0_131\lib\charsets.jar;C:\Program Files\Java\jre1.8.0_131\lib\jfr.jar;C:\Program Files\Java\jre1.8.0_131\lib\ext\access-bridge-64.jar;C:\Program Files\Java\jre1.8.0_131\lib\ext\cldrdata.jar;C:\Program Files\Java\jre1.8.0_131\lib\ext\dnsns.jar;C:\Program Files\Java\jre1.8.0_131\lib\ext\jaccess.jar;C:\Program Files\Java\jre1.8.0_131\lib\ext\jfxrt.jar;C:\Program Files\Java\jre1.8.0_131\lib\ext\localedata.jar;C:\Program Files\Java\jre1.8.0_131\lib\ext\nashorn.jar;C:\Program Files\Java\jre1.8.0_131\lib\ext\sunec.jar;C:\Program Files\Java\jre1.8.0_131\lib\ext\sunjce_provider.jar;C:\Program Files\Java\jre1.8.0_131\lib\ext\sunmscapi.jar;C:\Program Files\Java\jre1.8.0_131\lib\ext\sunpkcs11.jar;C:\Program Files\Java\jre1.8.0_131\lib\ext\zipfs.jar;C:\Users\xskn8\eclipse-workspace\SailpointIdentity\bin;C:\Users\xskn8\Music\extent report jar file\bson-3.0.4.jar;C:\Users\xskn8\Music\extent report jar file\extentreports-2.41.2.jar;C:\Users\xskn8\Music\extent report jar file\freemarker-2.3.23.jar;C:\Users\xskn8\Music\extent report jar file\jsoup-1.8.3.jar;C:\Users\xskn8\Music\extent report jar file\mongodb-driver-3.0.4.jar;C:\Users\xskn8\Music\extent report jar file\mongodb-driver-core-3.0.4.jar;C:\Users\xskn8\Music\extent report jar file\sqlite-jdbc-3.8.11.1.jar;C:\Users\xskn8\Music\selenium jar\byte-buddy-1.8.15.jar;C:\Users\xskn8\Music\selenium jar\client-combined-3.141.59.jar;C:\Users\xskn8\Music\selenium jar\client-combined-3.141.59-sources.jar;C:\Users\xskn8\Music\selenium jar\commons-exec-1.3.jar;C:\Users\xskn8\Music\selenium jar\guava-25.0-jre.jar;C:\Users\xskn8\Music\selenium jar\okhttp-3.11.0.jar;C:\Users\xskn8\Music\selenium jar\okio-1.1
Launcher Type: SUN_STANDARD

Environment Variables:
JAVA_HOME=C:\Program Files\Java\jre7
_JAVA_OPTIONS=-Xmx512M
PATH=C:\Program Files (x86)\TRICENTIS\Tosca Testsuite;C:\Tosca_Projects;C:\Program Files (x86)\TRICENTIS\Tosca Testsuite\dll;C:\Program Files (x86)\TRICENTIS\Tosca Testsuite\dll\GuptaEngine;C:\Program Files (x86)\TRICENTIS\Tosca Testsuite\;C:\Program Files (x86)\TRICENTIS\Tosca Testsuite\dll\DelphiEngine;C:\Program Files (x86)\TRICENTIS\Tosca Testsuite\dll\PBEngine;C:\Program Files (x86)\TRICENTIS\Tosca Testsuite\dll\VBEngine;C:\Program Files (x86)\TRICENTIS\Tosca Testsuite\dll\DotNetHooking;;C:\Program Files (x86)\TRICENTIS\Tosca Testsuite\Resources\Mobile\Tools;C:\Program Files (x86)\Common Files\Oracle\Java\javapath;C:\Program Files (x86)\CA\SC\CAWIN\;C:\windows\system32;C:\windows;C:\windows\System32\Wbem;C:\windows\System32\WindowsPowerShell\v1.0\;C:\Oracle\BIToolsHome_1\jre\1.4.2\bin\;C:\Oracle\BIToolsHome_1\jre\1.4.2\bin\client\;C:\Oracle\BIToolsHome_1\jlib\;C:\Oracle\BIToolsHome_1\bin\;C:\Program Files\Citrix\System32\;C:\Program Files\Citrix\ICAService\;C:\PROGRA~2\CA\SC\CAM\bin;C:\Program Files (x86)\CA\SC\Csam\SockAdapter\bin;C:\Program Files (x86)\CA\SC\CBB\;C:\Program Files (x86)\CA\DSM\bin;C:\Program Files (x86)\CA\SC\DTS\bin\;C:\Program Files\Citrix\Virtual Desktop Agent\;C:\Program Files (x86)\CA\SC\Csam\SockAdapter\bin;C:\Program Files (x86)\CA\SC\Csam\SockAdapter\bin64;C:\windows\System32\WindowsPowerShell\v1.0\;C:\windows\System32\WindowsPowerShell\v1.0\;C:\Program Files\apache-maven-3.6.1\bin;
USERNAME=xskn8
OS=Windows_NT
PROCESSOR_IDENTIFIER=Intel64 Family 6 Model 45 Stepping 2, GenuineIntel



---------------  S Y S T E M  ---------------

OS: Windows 7 , 64 bit Build 7601 (6.1.7601.24354)

CPU:total 2 (initial active 2) (1 cores per cpu, 1 threads per core) family 6 model 45 stepping 2, cmov, cx8, fxsr, mmx, sse, sse2, sse3, ssse3, sse4.1, sse4.2, popcnt, avx, aes, clmul, tsc, tscinvbit, tscinv

Memory: 4k page, physical 6291000k(246724k free), swap 12579528k(5072k free)

vm_info: Java HotSpot(TM) 64-Bit Server VM (25.131-b11) for windows-amd64 JRE (1.8.0_131-b11), built on Mar 15 2017 01:23:53 by "java_re" with MS VC++ 10.0 (VS2010)

time: Tue Apr 30 17:13:54 2019
elapsed time: 0 seconds (0d 0h 0m 0s)

